<?xml version="1.0" encoding="UTF-8"?>
<testng-results ignored="0" total="1" passed="1" failed="0" skipped="0">
  <reporter-output>
  </reporter-output>
  <suite started-at="2022-02-10T15:51:47 IST" name="Default suite" finished-at="2022-02-10T15:52:10 IST" duration-ms="23122">
    <groups>
    </groups>
    <test started-at="2022-02-10T15:51:47 IST" name="Default test" finished-at="2022-02-10T15:52:10 IST" duration-ms="23122">
      <class name="com.inetbanking.testcases.TC_LoginTest_001">
        <test-method is-config="true" signature="setUp()[pri:0, instance:com.inetbanking.testcases.TC_LoginTest_001@74455848]" started-at="2022-02-10T15:51:47 IST" name="setUp" finished-at="2022-02-10T15:52:02 IST" duration-ms="15140" status="PASS">
          <reporter-output>
          </reporter-output>
        </test-method> <!-- setUp -->
        <test-method signature="loginTest()[pri:0, instance:com.inetbanking.testcases.TC_LoginTest_001@74455848]" started-at="2022-02-10T15:52:02 IST" name="loginTest" finished-at="2022-02-10T15:52:09 IST" duration-ms="6972" status="PASS">
          <reporter-output>
          </reporter-output>
        </test-method> <!-- loginTest -->
        <test-method is-config="true" signature="tearDown()[pri:0, instance:com.inetbanking.testcases.TC_LoginTest_001@74455848]" started-at="2022-02-10T15:52:09 IST" name="tearDown" finished-at="2022-02-10T15:52:10 IST" duration-ms="893" status="PASS">
          <reporter-output>
          </reporter-output>
        </test-method> <!-- tearDown -->
      </class> <!-- com.inetbanking.testcases.TC_LoginTest_001 -->
    </test> <!-- Default test -->
  </suite> <!-- Default suite -->
</testng-results>
